{"C:\\Users\\Moura\\GitHub Isa\\exercicios-modulo-3\\exercicios-modulo-3\\aula20\\calculateAverage.js": {"path":"C:\\Users\\Moura\\GitHub Isa\\exercicios-modulo-3\\exercicios-modulo-3\\aula20\\calculateAverage.js","all":false,"statementMap":{"0":{"start":{"line":1,"column":0},"end":{"line":1,"column":24}},"1":{"start":{"line":2,"column":0},"end":{"line":2,"column":37}},"2":{"start":{"line":3,"column":0},"end":{"line":3,"column":34}},"3":{"start":{"line":4,"column":0},"end":{"line":4,"column":37}},"4":{"start":{"line":5,"column":0},"end":{"line":5,"column":5}},"5":{"start":{"line":6,"column":0},"end":{"line":6,"column":0}},"6":{"start":{"line":7,"column":0},"end":{"line":7,"column":36}},"7":{"start":{"line":8,"column":0},"end":{"line":8,"column":55}},"8":{"start":{"line":9,"column":0},"end":{"line":9,"column":5}},"9":{"start":{"line":10,"column":0},"end":{"line":10,"column":1}},"10":{"start":{"line":11,"column":0},"end":{"line":11,"column":0}},"11":{"start":{"line":12,"column":0},"end":{"line":12,"column":37}}},"s":{"0":1,"1":1,"2":1,"3":1,"4":1,"5":1,"6":1,"7":1,"8":1,"9":1,"10":1,"11":1},"branchMap":{"0":{"type":"branch","line":2,"loc":{"start":{"line":2,"column":11},"end":{"line":5,"column":5}},"locations":[{"start":{"line":2,"column":11},"end":{"line":5,"column":5}}]},"1":{"type":"branch","line":7,"loc":{"start":{"line":7,"column":11},"end":{"line":9,"column":5}},"locations":[{"start":{"line":7,"column":11},"end":{"line":9,"column":5}}]},"2":{"type":"branch","line":8,"loc":{"start":{"line":8,"column":40},"end":{"line":8,"column":54}},"locations":[{"start":{"line":8,"column":40},"end":{"line":8,"column":54}}]}},"b":{"0":[1],"1":[1],"2":[0]},"fnMap":{"0":{"name":"calculateAverage","decl":{"start":{"line":2,"column":11},"end":{"line":5,"column":5}},"loc":{"start":{"line":2,"column":11},"end":{"line":5,"column":5}},"line":2},"1":{"name":"verifyApproval","decl":{"start":{"line":7,"column":11},"end":{"line":9,"column":5}},"loc":{"start":{"line":7,"column":11},"end":{"line":9,"column":5}},"line":7}},"f":{"0":1,"1":1}}
,"C:\\Users\\Moura\\GitHub Isa\\exercicios-modulo-3\\exercicios-modulo-3\\aula20\\calculator.js": {"path":"C:\\Users\\Moura\\GitHub Isa\\exercicios-modulo-3\\exercicios-modulo-3\\aula20\\calculator.js","all":false,"statementMap":{"0":{"start":{"line":1,"column":0},"end":{"line":1,"column":18}},"1":{"start":{"line":2,"column":0},"end":{"line":2,"column":23}},"2":{"start":{"line":3,"column":0},"end":{"line":3,"column":22}},"3":{"start":{"line":4,"column":0},"end":{"line":4,"column":5}},"4":{"start":{"line":5,"column":0},"end":{"line":5,"column":28}},"5":{"start":{"line":6,"column":0},"end":{"line":6,"column":22}},"6":{"start":{"line":7,"column":0},"end":{"line":7,"column":5}},"7":{"start":{"line":8,"column":0},"end":{"line":8,"column":28}},"8":{"start":{"line":9,"column":0},"end":{"line":9,"column":22}},"9":{"start":{"line":10,"column":0},"end":{"line":10,"column":5}},"10":{"start":{"line":11,"column":0},"end":{"line":11,"column":26}},"11":{"start":{"line":12,"column":0},"end":{"line":12,"column":22}},"12":{"start":{"line":13,"column":0},"end":{"line":13,"column":5}},"13":{"start":{"line":14,"column":0},"end":{"line":14,"column":1}},"14":{"start":{"line":15,"column":0},"end":{"line":15,"column":0}},"15":{"start":{"line":16,"column":0},"end":{"line":16,"column":31}}},"s":{"0":1,"1":1,"2":1,"3":1,"4":1,"5":1,"6":1,"7":1,"8":1,"9":1,"10":1,"11":1,"12":1,"13":1,"14":1,"15":1},"branchMap":{"0":{"type":"branch","line":2,"loc":{"start":{"line":2,"column":11},"end":{"line":4,"column":5}},"locations":[{"start":{"line":2,"column":11},"end":{"line":4,"column":5}}]},"1":{"type":"branch","line":5,"loc":{"start":{"line":5,"column":11},"end":{"line":7,"column":5}},"locations":[{"start":{"line":5,"column":11},"end":{"line":7,"column":5}}]},"2":{"type":"branch","line":8,"loc":{"start":{"line":8,"column":11},"end":{"line":10,"column":5}},"locations":[{"start":{"line":8,"column":11},"end":{"line":10,"column":5}}]},"3":{"type":"branch","line":11,"loc":{"start":{"line":11,"column":11},"end":{"line":13,"column":5}},"locations":[{"start":{"line":11,"column":11},"end":{"line":13,"column":5}}]}},"b":{"0":[1],"1":[1],"2":[1],"3":[1]},"fnMap":{"0":{"name":"sum","decl":{"start":{"line":2,"column":11},"end":{"line":4,"column":5}},"loc":{"start":{"line":2,"column":11},"end":{"line":4,"column":5}},"line":2},"1":{"name":"subtract","decl":{"start":{"line":5,"column":11},"end":{"line":7,"column":5}},"loc":{"start":{"line":5,"column":11},"end":{"line":7,"column":5}},"line":5},"2":{"name":"multiply","decl":{"start":{"line":8,"column":11},"end":{"line":10,"column":5}},"loc":{"start":{"line":8,"column":11},"end":{"line":10,"column":5}},"line":8},"3":{"name":"divide","decl":{"start":{"line":11,"column":11},"end":{"line":13,"column":5}},"loc":{"start":{"line":11,"column":11},"end":{"line":13,"column":5}},"line":11}},"f":{"0":1,"1":1,"2":1,"3":1}}
}
