TN:
SF:calculateAverage.js
FN:2,calculateAverage
FN:7,verifyApproval
FNF:2
FNH:2
FNDA:1,calculateAverage
FNDA:1,verifyApproval
DA:1,1
DA:2,1
DA:3,1
DA:4,1
DA:5,1
DA:6,1
DA:7,1
DA:8,1
DA:9,1
DA:10,1
DA:11,1
DA:12,1
LF:12
LH:12
BRDA:2,0,0,1
BRDA:7,1,0,1
BRDA:8,2,0,0
BRF:3
BRH:2
end_of_record
TN:
SF:calculator.js
FN:2,sum
FN:5,subtract
FN:8,multiply
FN:11,divide
FNF:4
FNH:4
FNDA:1,sum
FNDA:1,subtract
FNDA:1,multiply
FNDA:1,divide
DA:1,1
DA:2,1
DA:3,1
DA:4,1
DA:5,1
DA:6,1
DA:7,1
DA:8,1
DA:9,1
DA:10,1
DA:11,1
DA:12,1
DA:13,1
DA:14,1
DA:15,1
DA:16,1
LF:16
LH:16
BRDA:2,0,0,1
BRDA:5,1,0,1
BRDA:8,2,0,1
BRDA:11,3,0,1
BRF:4
BRH:4
end_of_record
