<?xml version="1.0" encoding="UTF-8"?>
<coverage generated="1704331606086" clover="3.2.0">
  <project timestamp="1704331606087" name="All files">
    <metrics statements="33" coveredstatements="29" conditionals="8" coveredconditionals="6" methods="3" coveredmethods="3" elements="44" coveredelements="38" complexity="0" loc="33" ncloc="33" packages="1" files="1" classes="1"/>
    <file name="user.js" path="C:\Users\Moura\GitHub Isa\exercicios-modulo-3\exercicios-modulo-3\aula21\user.js">
      <metrics statements="33" coveredstatements="29" conditionals="8" coveredconditionals="6" methods="3" coveredmethods="3"/>
      <line num="1" count="1" type="stmt"/>
      <line num="2" count="1" type="cond" truecount="1" falsecount="0"/>
      <line num="3" count="1" type="cond" truecount="1" falsecount="0"/>
      <line num="4" count="1" type="stmt"/>
      <line num="5" count="1" type="stmt"/>
      <line num="6" count="1" type="stmt"/>
      <line num="7" count="1" type="cond" truecount="1" falsecount="0"/>
      <line num="8" count="1" type="cond" truecount="1" falsecount="0"/>
      <line num="9" count="1" type="stmt"/>
      <line num="10" count="1" type="cond" truecount="0" falsecount="1"/>
      <line num="11" count="0" type="stmt"/>
      <line num="12" count="0" type="stmt"/>
      <line num="13" count="1" type="stmt"/>
      <line num="14" count="1" type="stmt"/>
      <line num="15" count="1" type="stmt"/>
      <line num="16" count="1" type="stmt"/>
      <line num="17" count="1" type="stmt"/>
      <line num="18" count="1" type="stmt"/>
      <line num="19" count="1" type="cond" truecount="1" falsecount="0"/>
      <line num="20" count="1" type="cond" truecount="1" falsecount="0"/>
      <line num="21" count="1" type="stmt"/>
      <line num="22" count="1" type="cond" truecount="0" falsecount="1"/>
      <line num="23" count="0" type="stmt"/>
      <line num="24" count="0" type="stmt"/>
      <line num="25" count="1" type="stmt"/>
      <line num="26" count="1" type="stmt"/>
      <line num="27" count="1" type="stmt"/>
      <line num="28" count="1" type="stmt"/>
      <line num="29" count="1" type="stmt"/>
      <line num="30" count="1" type="stmt"/>
      <line num="31" count="1" type="stmt"/>
      <line num="32" count="1" type="stmt"/>
      <line num="33" count="1" type="stmt"/>
    </file>
  </project>
</coverage>
