{"C:\\Users\\Moura\\GitHub Isa\\exercicios-modulo-3\\exercicios-modulo-3\\aula21\\user.js": {"path":"C:\\Users\\Moura\\GitHub Isa\\exercicios-modulo-3\\exercicios-modulo-3\\aula21\\user.js","all":false,"statementMap":{"0":{"start":{"line":1,"column":0},"end":{"line":1,"column":63}},"1":{"start":{"line":2,"column":0},"end":{"line":2,"column":47}},"2":{"start":{"line":3,"column":0},"end":{"line":3,"column":59}},"3":{"start":{"line":4,"column":0},"end":{"line":4,"column":5}},"4":{"start":{"line":5,"column":0},"end":{"line":5,"column":2}},"5":{"start":{"line":6,"column":0},"end":{"line":6,"column":55}},"6":{"start":{"line":7,"column":0},"end":{"line":7,"column":51}},"7":{"start":{"line":8,"column":0},"end":{"line":8,"column":77}},"8":{"start":{"line":9,"column":0},"end":{"line":9,"column":2}},"9":{"start":{"line":10,"column":0},"end":{"line":10,"column":35}},"10":{"start":{"line":11,"column":0},"end":{"line":11,"column":30}},"11":{"start":{"line":12,"column":0},"end":{"line":12,"column":5}},"12":{"start":{"line":13,"column":0},"end":{"line":13,"column":2}},"13":{"start":{"line":14,"column":0},"end":{"line":14,"column":81}},"14":{"start":{"line":15,"column":0},"end":{"line":15,"column":39}},"15":{"start":{"line":16,"column":0},"end":{"line":16,"column":3}},"16":{"start":{"line":17,"column":0},"end":{"line":17,"column":2}},"17":{"start":{"line":18,"column":0},"end":{"line":18,"column":53}},"18":{"start":{"line":19,"column":0},"end":{"line":19,"column":42}},"19":{"start":{"line":20,"column":0},"end":{"line":20,"column":77}},"20":{"start":{"line":21,"column":0},"end":{"line":21,"column":2}},"21":{"start":{"line":22,"column":0},"end":{"line":22,"column":35}},"22":{"start":{"line":23,"column":0},"end":{"line":23,"column":30}},"23":{"start":{"line":24,"column":0},"end":{"line":24,"column":5}},"24":{"start":{"line":25,"column":0},"end":{"line":25,"column":2}},"25":{"start":{"line":26,"column":0},"end":{"line":26,"column":42}},"26":{"start":{"line":27,"column":0},"end":{"line":27,"column":39}},"27":{"start":{"line":28,"column":0},"end":{"line":28,"column":3}},"28":{"start":{"line":29,"column":0},"end":{"line":29,"column":0}},"29":{"start":{"line":30,"column":0},"end":{"line":30,"column":18}},"30":{"start":{"line":31,"column":0},"end":{"line":31,"column":20}},"31":{"start":{"line":32,"column":0},"end":{"line":32,"column":15}},"32":{"start":{"line":33,"column":0},"end":{"line":33,"column":15}}},"s":{"0":1,"1":1,"2":1,"3":1,"4":1,"5":1,"6":1,"7":1,"8":1,"9":1,"10":0,"11":0,"12":1,"13":1,"14":1,"15":1,"16":1,"17":1,"18":1,"19":1,"20":1,"21":1,"22":0,"23":0,"24":1,"25":1,"26":1,"27":1,"28":1,"29":1,"30":1,"31":1,"32":1},"branchMap":{"0":{"type":"branch","line":2,"loc":{"start":{"line":2,"column":4},"end":{"line":4,"column":5}},"locations":[{"start":{"line":2,"column":4},"end":{"line":4,"column":5}}]},"1":{"type":"branch","line":3,"loc":{"start":{"line":3,"column":29},"end":{"line":3,"column":57}},"locations":[{"start":{"line":3,"column":29},"end":{"line":3,"column":57}}]},"2":{"type":"branch","line":7,"loc":{"start":{"line":7,"column":3},"end":{"line":16,"column":3}},"locations":[{"start":{"line":7,"column":3},"end":{"line":16,"column":3}}]},"3":{"type":"branch","line":10,"loc":{"start":{"line":10,"column":34},"end":{"line":12,"column":5}},"locations":[{"start":{"line":10,"column":34},"end":{"line":12,"column":5}}]},"4":{"type":"branch","line":8,"loc":{"start":{"line":8,"column":49},"end":{"line":8,"column":75}},"locations":[{"start":{"line":8,"column":49},"end":{"line":8,"column":75}}]},"5":{"type":"branch","line":19,"loc":{"start":{"line":19,"column":3},"end":{"line":28,"column":3}},"locations":[{"start":{"line":19,"column":3},"end":{"line":28,"column":3}}]},"6":{"type":"branch","line":22,"loc":{"start":{"line":22,"column":34},"end":{"line":24,"column":5}},"locations":[{"start":{"line":22,"column":34},"end":{"line":24,"column":5}}]},"7":{"type":"branch","line":20,"loc":{"start":{"line":20,"column":49},"end":{"line":20,"column":75}},"locations":[{"start":{"line":20,"column":49},"end":{"line":20,"column":75}}]}},"b":{"0":[1],"1":[1],"2":[1],"3":[0],"4":[1],"5":[1],"6":[0],"7":[3]},"fnMap":{"0":{"name":"findUserByEmail","decl":{"start":{"line":2,"column":4},"end":{"line":4,"column":5}},"loc":{"start":{"line":2,"column":4},"end":{"line":4,"column":5}},"line":2},"1":{"name":"updateUser","decl":{"start":{"line":7,"column":3},"end":{"line":16,"column":3}},"loc":{"start":{"line":7,"column":3},"end":{"line":16,"column":3}},"line":7},"2":{"name":"deleteUser","decl":{"start":{"line":19,"column":3},"end":{"line":28,"column":3}},"loc":{"start":{"line":19,"column":3},"end":{"line":28,"column":3}},"line":19}},"f":{"0":1,"1":1,"2":1}}
}
