TN:
SF:user.js
FN:2,findUserByEmail
FN:7,updateUser
FN:19,deleteUser
FNF:3
FNH:3
FNDA:1,findUserByEmail
FNDA:1,updateUser
FNDA:1,deleteUser
DA:1,1
DA:2,1
DA:3,1
DA:4,1
DA:5,1
DA:6,1
DA:7,1
DA:8,1
DA:9,1
DA:10,1
DA:11,0
DA:12,0
DA:13,1
DA:14,1
DA:15,1
DA:16,1
DA:17,1
DA:18,1
DA:19,1
DA:20,1
DA:21,1
DA:22,1
DA:23,0
DA:24,0
DA:25,1
DA:26,1
DA:27,1
DA:28,1
DA:29,1
DA:30,1
DA:31,1
DA:32,1
DA:33,1
LF:33
LH:29
BRDA:2,0,0,1
BRDA:3,1,0,1
BRDA:7,2,0,1
BRDA:10,3,0,0
BRDA:8,4,0,1
BRDA:19,5,0,1
BRDA:22,6,0,0
BRDA:20,7,0,3
BRF:8
BRH:6
end_of_record
